<?xml version="1.0" encoding="UTF-8"?>
<!-- Generated by org.testng.reporters.JUnitReportReporter -->
<testsuite hostname="ABHI" failures="0" tests="2" name="PageObjectModel.ZerodhaLoginTest" time="29.952" errors="0" timestamp="2022-08-16T19:49:52 IST" skipped="0">
  <testcase classname="PageObjectModel.ZerodhaLoginTest" name="LoginwithValidcredentialstest" time="15.743"/>
  <system-out/>
  <testcase classname="PageObjectModel.ZerodhaLoginTest" name="LoginwithInvalidcredentialstest" time="14.209"/>
  <system-out/>
</testsuite> <!-- PageObjectModel.ZerodhaLoginTest -->
