<?xml version="1.0" encoding="UTF-8"?>
<!-- Generated by org.testng.reporters.JUnitReportReporter -->
<testsuite hostname="ABHI" failures="0" tests="2" name="PageObjectModel.IBLogin" time="31.619" errors="0" timestamp="2022-08-16T19:59:26 IST" skipped="0">
  <testcase classname="PageObjectModel.IBLogin" name="LoginwithValidcredentialstest" time="15.350"/>
  <system-out/>
  <testcase classname="PageObjectModel.IBLogin" name="LoginwithInvalidcredentialstest" time="16.269"/>
  <system-out/>
</testsuite> <!-- PageObjectModel.IBLogin -->
